# JRE version: Java(TM) SE Runtime Environment (8.0_202-b08) (build 1.8.0_202-b08)
# Java VM: Java HotSpot(TM) Client VM (25.202-b08 mixed mode windows-x86 )
Heap:
 def new generation   total 32576K, used 25339K [0x05000000, 0x07350000, 0x0a550000)
  eden space 28992K,  75% used [0x05000000, 0x0656ee00, 0x06c50000)
  from space 3584K,  94% used [0x06fd0000, 0x07320128, 0x07350000)
  to   space 3584K,   0% used [0x06c50000, 0x06c50000, 0x06fd0000)
 tenured generation   total 72240K, used 70264K [0x0a550000, 0x0ebdc000, 0x15000000)
   the space 72240K,  97% used [0x0a550000, 0x0e9ee180, 0x0e9ee200, 0x0ebdc000)
 Metaspace       used 53766K, capacity 55802K, committed 55808K, reserved 56704K
GC Heap History (10 events):
Event: 47.828 GC heap before
{Heap before GC invocations=250 (full 5):
 def new generation   total 32576K, used 31437K [0x05000000, 0x07350000, 0x0a550000)
  eden space 28992K, 100% used [0x05000000, 0x06c50000, 0x06c50000)
  from space 3584K,  68% used [0x06c50000, 0x06eb37d0, 0x06fd0000)
  to   space 3584K,   0% used [0x06fd0000, 0x06fd0000, 0x07350000)
 tenured generation   total 72240K, used 63228K [0x0a550000, 0x0ebdc000, 0x15000000)
   the space 72240K,  87% used [0x0a550000, 0x0e30f298, 0x0e30f400, 0x0ebdc000)
 Metaspace       used 52545K, capacity 54515K, committed 54528K, reserved 54656K
Event: 47.836 GC heap after
Heap after GC invocations=251 (full 5):
 def new generation   total 32576K, used 1282K [0x05000000, 0x07350000, 0x0a550000)
  eden space 28992K,   0% used [0x05000000, 0x05000000, 0x06c50000)
  from space 3584K,  35% used [0x06fd0000, 0x071108f0, 0x07350000)
  to   space 3584K,   0% used [0x06c50000, 0x06c50000, 0x06fd0000)
 tenured generation   total 72240K, used 64589K [0x0a550000, 0x0ebdc000, 0x15000000)
   the space 72240K,  89% used [0x0a550000, 0x0e463418, 0x0e463600, 0x0ebdc000)
 Metaspace       used 52545K, capacity 54515K, committed 54528K, reserved 54656K
}
Event: 55.091 GC heap before
{Heap before GC invocations=251 (full 5):
 def new generation   total 32576K, used 30274K [0x05000000, 0x07350000, 0x0a550000)
  eden space 28992K, 100% used [0x05000000, 0x06c50000, 0x06c50000)
  from space 3584K,  35% used [0x06fd0000, 0x071108f0, 0x07350000)
  to   space 3584K,   0% used [0x06c50000, 0x06c50000, 0x06fd0000)
 tenured generation   total 72240K, used 64589K [0x0a550000, 0x0ebdc000, 0x15000000)
   the space 72240K,  89% used [0x0a550000, 0x0e463418, 0x0e463600, 0x0ebdc000)
 Metaspace       used 53024K, capacity 55010K, committed 55040K, reserved 55680K
Event: 55.098 GC heap after
Heap after GC invocations=252 (full 5):
 def new generation   total 32576K, used 2052K [0x05000000, 0x07350000, 0x0a550000)
  eden space 28992K,   0% used [0x05000000, 0x05000000, 0x06c50000)
  from space 3584K,  57% used [0x06c50000, 0x06e51388, 0x06fd0000)
  to   space 3584K,   0% used [0x06fd0000, 0x06fd0000, 0x07350000)
 tenured generation   total 72240K, used 64589K [0x0a550000, 0x0ebdc000, 0x15000000)
   the space 72240K,  89% used [0x0a550000, 0x0e463418, 0x0e463600, 0x0ebdc000)
 Metaspace       used 53024K, capacity 55010K, committed 55040K, reserved 55680K
}
Event: 96.915 GC heap before
{Heap before GC invocations=252 (full 5):
 def new generation   total 32576K, used 31044K [0x05000000, 0x07350000, 0x0a550000)
  eden space 28992K, 100% used [0x05000000, 0x06c50000, 0x06c50000)
  from space 3584K,  57% used [0x06c50000, 0x06e51388, 0x06fd0000)
  to   space 3584K,   0% used [0x06fd0000, 0x06fd0000, 0x07350000)
 tenured generation   total 72240K, used 64589K [0x0a550000, 0x0ebdc000, 0x15000000)
   the space 72240K,  89% used [0x0a550000, 0x0e463418, 0x0e463600, 0x0ebdc000)
 Metaspace       used 53046K, capacity 55027K, committed 55040K, reserved 55680K
Event: 96.923 GC heap after
Heap after GC invocations=253 (full 5):
 def new generation   total 32576K, used 1178K [0x05000000, 0x07350000, 0x0a550000)
  eden space 28992K,   0% used [0x05000000, 0x05000000, 0x06c50000)
  from space 3584K,  32% used [0x06fd0000, 0x070f6940, 0x07350000)
  to   space 3584K,   0% used [0x06c50000, 0x06c50000, 0x06fd0000)
 tenured generation   total 72240K, used 65321K [0x0a550000, 0x0ebdc000, 0x15000000)
   the space 72240K,  90% used [0x0a550000, 0x0e51a508, 0x0e51a600, 0x0ebdc000)
 Metaspace       used 53046K, capacity 55027K, committed 55040K, reserved 55680K
}
Event: 114.745 GC heap before
{Heap before GC invocations=253 (full 5):
 def new generation   total 32576K, used 30170K [0x05000000, 0x07350000, 0x0a550000)
  eden space 28992K, 100% used [0x05000000, 0x06c50000, 0x06c50000)
  from space 3584K,  32% used [0x06fd0000, 0x070f6940, 0x07350000)
  to   space 3584K,   0% used [0x06c50000, 0x06c50000, 0x06fd0000)
 tenured generation   total 72240K, used 65321K [0x0a550000, 0x0ebdc000, 0x15000000)
   the space 72240K,  90% used [0x0a550000, 0x0e51a508, 0x0e51a600, 0x0ebdc000)
 Metaspace       used 53081K, capacity 55059K, committed 55168K, reserved 55680K
Event: 114.764 GC heap after
Heap after GC invocations=254 (full 5):
 def new generation   total 32576K, used 3584K [0x05000000, 0x07350000, 0x0a550000)
  eden space 28992K,   0% used [0x05000000, 0x05000000, 0x06c50000)
  from space 3584K, 100% used [0x06c50000, 0x06fd0000, 0x06fd0000)
  to   space 3584K,   0% used [0x06fd0000, 0x06fd0000, 0x07350000)
 tenured generation   total 72240K, used 68850K [0x0a550000, 0x0ebdc000, 0x15000000)
   the space 72240K,  95% used [0x0a550000, 0x0e88cbe8, 0x0e88cc00, 0x0ebdc000)
 Metaspace       used 53081K, capacity 55059K, committed 55168K, reserved 55680K
}
Event: 120.857 GC heap before
{Heap before GC invocations=254 (full 5):
 def new generation   total 32576K, used 32576K [0x05000000, 0x07350000, 0x0a550000)
  eden space 28992K, 100% used [0x05000000, 0x06c50000, 0x06c50000)
  from space 3584K, 100% used [0x06c50000, 0x06fd0000, 0x06fd0000)
  to   space 3584K,   0% used [0x06fd0000, 0x06fd0000, 0x07350000)
 tenured generation   total 72240K, used 68850K [0x0a550000, 0x0ebdc000, 0x15000000)
   the space 72240K,  95% used [0x0a550000, 0x0e88cbe8, 0x0e88cc00, 0x0ebdc000)
 Metaspace       used 53697K, capacity 55680K, committed 55680K, reserved 55680K
Event: 120.868 GC heap after
Heap after GC invocations=255 (full 5):
 def new generation   total 32576K, used 3392K [0x05000000, 0x07350000, 0x0a550000)
  eden space 28992K,   0% used [0x05000000, 0x05000000, 0x06c50000)
  from space 3584K,  94% used [0x06fd0000, 0x07320128, 0x07350000)
  to   space 3584K,   0% used [0x06c50000, 0x06c50000, 0x06fd0000)
 tenured generation   total 72240K, used 70264K [0x0a550000, 0x0ebdc000, 0x15000000)
   the space 72240K,  97% used [0x0a550000, 0x0e9ee180, 0x0e9ee200, 0x0ebdc000)
 Metaspace       used 53697K, capacity 55680K, committed 55680K, reserved 55680K
}

